[debug] [2024-08-19T10:53:35.778Z] ----------------------------------------------------------------------
[debug] [2024-08-19T10:53:35.783Z] Command:       C:\Program Files\nodejs\node.exe C:\Users\masoo\AppData\Roaming\npm\node_modules\firebase-tools\lib\bin\firebase.js projects:list --json
[debug] [2024-08-19T10:53:35.783Z] CLI Version:   13.15.1
[debug] [2024-08-19T10:53:35.784Z] Platform:      win32
[debug] [2024-08-19T10:53:35.784Z] Node Version:  v22.6.0
[debug] [2024-08-19T10:53:35.784Z] Time:          Mon Aug 19 2024 15:53:35 GMT+0500 (Pakistan Standard Time)
[debug] [2024-08-19T10:53:35.785Z] ----------------------------------------------------------------------
[debug] 
[debug] [2024-08-19T10:53:35.798Z] > command requires scopes: ["email","openid","https://www.googleapis.com/auth/cloudplatformprojects.readonly","https://www.googleapis.com/auth/firebase","https://www.googleapis.com/auth/cloud-platform"]
[debug] [2024-08-19T10:53:35.798Z] > authorizing via signed-in user (masooodali335@gmail.com)
[debug] [2024-08-19T10:53:35.805Z] >>> [apiv2][query] GET https://firebase.googleapis.com/v1beta1/projects pageSize=1000
[debug] [2024-08-19T10:53:35.910Z] Error: EPIPE: broken pipe, write
    at Socket._write (node:internal/net:63:18)
    at writeOrBuffer (node:internal/streams/writable:570:12)
    at _write (node:internal/streams/writable:499:10)
    at Writable.write (node:internal/streams/writable:508:10)
    at Ora.start (C:\Users\masoo\AppData\Roaming\npm\node_modules\firebase-tools\node_modules\ora\index.js:304:17)
    at Command.actionFn (C:\Users\masoo\AppData\Roaming\npm\node_modules\firebase-tools\lib\commands\projects-list.js:48:73)
    at C:\Users\masoo\AppData\Roaming\npm\node_modules\firebase-tools\lib\command.js:228:25
    at process.processTicksAndRejections (node:internal/process/task_queues:95:5)
[error] 
[error] Error: An unexpected error has occurred.
